[
  {
    "Plan": {
      "Node Type": "SetOp",
      "Strategy": "Hashed",
      "Parallel Aware": false,
      "Command": "Intersect",
      "Startup Cost": 0.30,
      "Total Cost": 59.29,
      "Plan Rows": 1,
      "Plan Width": 44,
      "Actual Startup Time": 0.138,
      "Actual Total Time": 0.138,
      "Actual Rows": 1,
      "Actual Loops": 1,
      "Output": ["\"*SELECT* 1\".id", "\"*SELECT* 1\".question_id", "\"*SELECT* 1\".survey_id", "\"*SELECT* 1\".user_id", "\"*SELECT* 1\".value", "\"*SELECT* 1\".inserted_at", "\"*SELECT* 1\".updated_at", "(0)"],
      "Shared Hit Blocks": 30,
      "Shared Read Blocks": 0,
      "Shared Dirtied Blocks": 0,
      "Shared Written Blocks": 0,
      "Local Hit Blocks": 0,
      "Local Read Blocks": 0,
      "Local Dirtied Blocks": 0,
      "Local Written Blocks": 0,
      "Temp Read Blocks": 0,
      "Temp Written Blocks": 0,
      "Plans": [
        {
          "Node Type": "Append",
          "Parent Relationship": "Outer",
          "Parallel Aware": false,
          "Startup Cost": 0.30,
          "Total Cost": 59.26,
          "Plan Rows": 2,
          "Plan Width": 44,
          "Actual Startup Time": 0.116,
          "Actual Total Time": 0.136,
          "Actual Rows": 3,
          "Actual Loops": 1,
          "Shared Hit Blocks": 30,
          "Shared Read Blocks": 0,
          "Shared Dirtied Blocks": 0,
          "Shared Written Blocks": 0,
          "Local Hit Blocks": 0,
          "Local Read Blocks": 0,
          "Local Dirtied Blocks": 0,
          "Local Written Blocks": 0,
          "Temp Read Blocks": 0,
          "Temp Written Blocks": 0,
          "Plans": [
            {
              "Node Type": "Result",
              "Parent Relationship": "Member",
              "Parallel Aware": false,
              "Startup Cost": 0.30,
              "Total Cost": 39.52,
              "Plan Rows": 1,
              "Plan Width": 44,
              "Actual Startup Time": 0.116,
              "Actual Total Time": 0.116,
              "Actual Rows": 1,
              "Actual Loops": 1,
              "Output": ["\"*SELECT* 1\".id", "\"*SELECT* 1\".question_id", "\"*SELECT* 1\".survey_id", "\"*SELECT* 1\".user_id", "\"*SELECT* 1\".value", "\"*SELECT* 1\".inserted_at", "\"*SELECT* 1\".updated_at", "0"],
              "Shared Hit Blocks": 21,
              "Shared Read Blocks": 0,
              "Shared Dirtied Blocks": 0,
              "Shared Written Blocks": 0,
              "Local Hit Blocks": 0,
              "Local Read Blocks": 0,
              "Local Dirtied Blocks": 0,
              "Local Written Blocks": 0,
              "Temp Read Blocks": 0,
              "Temp Written Blocks": 0,
              "Plans": [
                {
                  "Node Type": "SetOp",
                  "Strategy": "Hashed",
                  "Parent Relationship": "Outer",
                  "Parallel Aware": false,
                  "Command": "Intersect",
                  "Startup Cost": 0.30,
                  "Total Cost": 39.51,
                  "Plan Rows": 1,
                  "Plan Width": 44,
                  "Actual Startup Time": 0.115,
                  "Actual Total Time": 0.115,
                  "Actual Rows": 1,
                  "Actual Loops": 1,
                  "Output": ["\"*SELECT* 1\".id", "\"*SELECT* 1\".question_id", "\"*SELECT* 1\".survey_id", "\"*SELECT* 1\".user_id", "\"*SELECT* 1\".value", "\"*SELECT* 1\".inserted_at", "\"*SELECT* 1\".updated_at", "(0)"],
                  "Shared Hit Blocks": 21,
                  "Shared Read Blocks": 0,
                  "Shared Dirtied Blocks": 0,
                  "Shared Written Blocks": 0,
                  "Local Hit Blocks": 0,
                  "Local Read Blocks": 0,
                  "Local Dirtied Blocks": 0,
                  "Local Written Blocks": 0,
                  "Temp Read Blocks": 0,
                  "Temp Written Blocks": 0,
                  "Plans": [
                    {
                      "Node Type": "Append",
                      "Parent Relationship": "Outer",
                      "Parallel Aware": false,
                      "Startup Cost": 0.30,
                      "Total Cost": 39.47,
                      "Plan Rows": 2,
                      "Plan Width": 44,
                      "Actual Startup Time": 0.086,
                      "Actual Total Time": 0.110,
                      "Actual Rows": 4,
                      "Actual Loops": 1,
                      "Shared Hit Blocks": 21,
                      "Shared Read Blocks": 0,
                      "Shared Dirtied Blocks": 0,
                      "Shared Written Blocks": 0,
                      "Local Hit Blocks": 0,
                      "Local Read Blocks": 0,
                      "Local Dirtied Blocks": 0,
                      "Local Written Blocks": 0,
                      "Temp Read Blocks": 0,
                      "Temp Written Blocks": 0,
                      "Plans": [
                        {
                          "Node Type": "Subquery Scan",
                          "Parent Relationship": "Member",
                          "Parallel Aware": false,
                          "Alias": "*SELECT* 1",
                          "Startup Cost": 0.30,
                          "Total Cost": 19.73,
                          "Plan Rows": 1,
                          "Plan Width": 44,
                          "Actual Startup Time": 0.086,
                          "Actual Total Time": 0.095,
                          "Actual Rows": 3,
                          "Actual Loops": 1,
                          "Output": ["\"*SELECT* 1\".id", "\"*SELECT* 1\".question_id", "\"*SELECT* 1\".survey_id", "\"*SELECT* 1\".user_id", "\"*SELECT* 1\".value", "\"*SELECT* 1\".inserted_at", "\"*SELECT* 1\".updated_at", "0"],
                          "Shared Hit Blocks": 16,
                          "Shared Read Blocks": 0,
                          "Shared Dirtied Blocks": 0,
                          "Shared Written Blocks": 0,
                          "Local Hit Blocks": 0,
                          "Local Read Blocks": 0,
                          "Local Dirtied Blocks": 0,
                          "Local Written Blocks": 0,
                          "Temp Read Blocks": 0,
                          "Temp Written Blocks": 0,
                          "Plans": [
                            {
                              "Node Type": "Nested Loop",
                              "Parent Relationship": "Subquery",
                              "Parallel Aware": false,
                              "Join Type": "Inner",
                              "Startup Cost": 0.30,
                              "Total Cost": 19.72,
                              "Plan Rows": 1,
                              "Plan Width": 40,
                              "Actual Startup Time": 0.085,
                              "Actual Total Time": 0.094,
                              "Actual Rows": 3,
                              "Actual Loops": 1,
                              "Output": ["r0.id", "r0.question_id", "r0.survey_id", "r0.user_id", "r0.value", "r0.inserted_at", "r0.updated_at"],
                              "Inner Unique": false,
                              "Shared Hit Blocks": 16,
                              "Shared Read Blocks": 0,
                              "Shared Dirtied Blocks": 0,
                              "Shared Written Blocks": 0,
                              "Local Hit Blocks": 0,
                              "Local Read Blocks": 0,
                              "Local Dirtied Blocks": 0,
                              "Local Written Blocks": 0,
                              "Temp Read Blocks": 0,
                              "Temp Written Blocks": 0,
                              "Plans": [
                                {
                                  "Node Type": "Nested Loop",
                                  "Parent Relationship": "Outer",
                                  "Parallel Aware": false,
                                  "Join Type": "Inner",
                                  "Startup Cost": 0.15,
                                  "Total Cost": 11.55,
                                  "Plan Rows": 1,
                                  "Plan Width": 48,
                                  "Actual Startup Time": 0.023,
                                  "Actual Total Time": 0.028,
                                  "Actual Rows": 3,
                                  "Actual Loops": 1,
                                  "Output": ["r0.id", "r0.question_id", "r0.survey_id", "r0.user_id", "r0.value", "r0.inserted_at", "r0.updated_at", "d2.demographic_id"],
                                  "Inner Unique": true,
                                  "Shared Hit Blocks": 7,
                                  "Shared Read Blocks": 0,
                                  "Shared Dirtied Blocks": 0,
                                  "Shared Written Blocks": 0,
                                  "Local Hit Blocks": 0,
                                  "Local Read Blocks": 0,
                                  "Local Dirtied Blocks": 0,
                                  "Local Written Blocks": 0,
                                  "Temp Read Blocks": 0,
                                  "Temp Written Blocks": 0,
                                  "Plans": [
                                    {
                                      "Node Type": "Seq Scan",
                                      "Parent Relationship": "Outer",
                                      "Parallel Aware": false,
                                      "Relation Name": "demographics_responses",
                                      "Schema": "public",
                                      "Alias": "d2",
                                      "Startup Cost": 0.00,
                                      "Total Cost": 1.09,
                                      "Plan Rows": 1,
                                      "Plan Width": 16,
                                      "Actual Startup Time": 0.012,
                                      "Actual Total Time": 0.014,
                                      "Actual Rows": 3,
                                      "Actual Loops": 1,
                                      "Output": ["d2.id", "d2.response_id", "d2.demographic_id"],
                                      "Filter": "(d2.demographic_id = 1)",
                                      "Rows Removed by Filter": 4,
                                      "Shared Hit Blocks": 1,
                                      "Shared Read Blocks": 0,
                                      "Shared Dirtied Blocks": 0,
                                      "Shared Written Blocks": 0,
                                      "Local Hit Blocks": 0,
                                      "Local Read Blocks": 0,
                                      "Local Dirtied Blocks": 0,
                                      "Local Written Blocks": 0,
                                      "Temp Read Blocks": 0,
                                      "Temp Written Blocks": 0
                                    },
                                    {
                                      "Node Type": "Index Scan",
                                      "Parent Relationship": "Inner",
                                      "Parallel Aware": false,
                                      "Scan Direction": "Forward",
                                      "Index Name": "responses_pkey",
                                      "Relation Name": "responses",
                                      "Schema": "public",
                                      "Alias": "r0",
                                      "Startup Cost": 0.15,
                                      "Total Cost": 8.17,
                                      "Plan Rows": 1,
                                      "Plan Width": 40,
                                      "Actual Startup Time": 0.004,
                                      "Actual Total Time": 0.004,
                                      "Actual Rows": 1,
                                      "Actual Loops": 3,
                                      "Output": ["r0.id", "r0.survey_id", "r0.question_id", "r0.user_id", "r0.value", "r0.inserted_at", "r0.updated_at"],
                                      "Index Cond": "(r0.id = d2.response_id)",
                                      "Rows Removed by Index Recheck": 0,
                                      "Filter": "(r0.survey_id = 1)",
                                      "Rows Removed by Filter": 0,
                                      "Shared Hit Blocks": 6,
                                      "Shared Read Blocks": 0,
                                      "Shared Dirtied Blocks": 0,
                                      "Shared Written Blocks": 0,
                                      "Local Hit Blocks": 0,
                                      "Local Read Blocks": 0,
                                      "Local Dirtied Blocks": 0,
                                      "Local Written Blocks": 0,
                                      "Temp Read Blocks": 0,
                                      "Temp Written Blocks": 0
                                    }
                                  ]
                                },
                                {
                                  "Node Type": "Index Only Scan",
                                  "Parent Relationship": "Inner",
                                  "Parallel Aware": false,
                                  "Scan Direction": "Forward",
                                  "Index Name": "demographics_pkey",
                                  "Relation Name": "demographics",
                                  "Schema": "public",
                                  "Alias": "d1",
                                  "Startup Cost": 0.14,
                                  "Total Cost": 8.16,
                                  "Plan Rows": 1,
                                  "Plan Width": 8,
                                  "Actual Startup Time": 0.021,
                                  "Actual Total Time": 0.021,
                                  "Actual Rows": 1,
                                  "Actual Loops": 3,
                                  "Output": ["d1.id"],
                                  "Index Cond": "(d1.id = 1)",
                                  "Rows Removed by Index Recheck": 0,
                                  "Heap Fetches": 3,
                                  "Shared Hit Blocks": 9,
                                  "Shared Read Blocks": 0,
                                  "Shared Dirtied Blocks": 0,
                                  "Shared Written Blocks": 0,
                                  "Local Hit Blocks": 0,
                                  "Local Read Blocks": 0,
                                  "Local Dirtied Blocks": 0,
                                  "Local Written Blocks": 0,
                                  "Temp Read Blocks": 0,
                                  "Temp Written Blocks": 0
                                }
                              ]
                            }
                          ]
                        },
                        {
                          "Node Type": "Subquery Scan",
                          "Parent Relationship": "Member",
                          "Parallel Aware": false,
                          "Alias": "*SELECT* 2",
                          "Startup Cost": 0.30,
                          "Total Cost": 19.73,
                          "Plan Rows": 1,
                          "Plan Width": 44,
                          "Actual Startup Time": 0.013,
                          "Actual Total Time": 0.014,
                          "Actual Rows": 1,
                          "Actual Loops": 1,
                          "Output": ["\"*SELECT* 2\".id", "\"*SELECT* 2\".question_id", "\"*SELECT* 2\".survey_id", "\"*SELECT* 2\".user_id", "\"*SELECT* 2\".value", "\"*SELECT* 2\".inserted_at", "\"*SELECT* 2\".updated_at", "1"],
                          "Shared Hit Blocks": 5,
                          "Shared Read Blocks": 0,
                          "Shared Dirtied Blocks": 0,
                          "Shared Written Blocks": 0,
                          "Local Hit Blocks": 0,
                          "Local Read Blocks": 0,
                          "Local Dirtied Blocks": 0,
                          "Local Written Blocks": 0,
                          "Temp Read Blocks": 0,
                          "Temp Written Blocks": 0,
                          "Plans": [
                            {
                              "Node Type": "Nested Loop",
                              "Parent Relationship": "Subquery",
                              "Parallel Aware": false,
                              "Join Type": "Inner",
                              "Startup Cost": 0.30,
                              "Total Cost": 19.72,
                              "Plan Rows": 1,
                              "Plan Width": 40,
                              "Actual Startup Time": 0.012,
                              "Actual Total Time": 0.013,
                              "Actual Rows": 1,
                              "Actual Loops": 1,
                              "Output": ["r0_1.id", "r0_1.question_id", "r0_1.survey_id", "r0_1.user_id", "r0_1.value", "r0_1.inserted_at", "r0_1.updated_at"],
                              "Inner Unique": false,
                              "Shared Hit Blocks": 5,
                              "Shared Read Blocks": 0,
                              "Shared Dirtied Blocks": 0,
                              "Shared Written Blocks": 0,
                              "Local Hit Blocks": 0,
                              "Local Read Blocks": 0,
                              "Local Dirtied Blocks": 0,
                              "Local Written Blocks": 0,
                              "Temp Read Blocks": 0,
                              "Temp Written Blocks": 0,
                              "Plans": [
                                {
                                  "Node Type": "Nested Loop",
                                  "Parent Relationship": "Outer",
                                  "Parallel Aware": false,
                                  "Join Type": "Inner",
                                  "Startup Cost": 0.15,
                                  "Total Cost": 11.55,
                                  "Plan Rows": 1,
                                  "Plan Width": 48,
                                  "Actual Startup Time": 0.005,
                                  "Actual Total Time": 0.006,
                                  "Actual Rows": 1,
                                  "Actual Loops": 1,
                                  "Output": ["r0_1.id", "r0_1.question_id", "r0_1.survey_id", "r0_1.user_id", "r0_1.value", "r0_1.inserted_at", "r0_1.updated_at", "d2_1.demographic_id"],
                                  "Inner Unique": true,
                                  "Shared Hit Blocks": 3,
                                  "Shared Read Blocks": 0,
                                  "Shared Dirtied Blocks": 0,
                                  "Shared Written Blocks": 0,
                                  "Local Hit Blocks": 0,
                                  "Local Read Blocks": 0,
                                  "Local Dirtied Blocks": 0,
                                  "Local Written Blocks": 0,
                                  "Temp Read Blocks": 0,
                                  "Temp Written Blocks": 0,
                                  "Plans": [
                                    {
                                      "Node Type": "Seq Scan",
                                      "Parent Relationship": "Outer",
                                      "Parallel Aware": false,
                                      "Relation Name": "demographics_responses",
                                      "Schema": "public",
                                      "Alias": "d2_1",
                                      "Startup Cost": 0.00,
                                      "Total Cost": 1.09,
                                      "Plan Rows": 1,
                                      "Plan Width": 16,
                                      "Actual Startup Time": 0.003,
                                      "Actual Total Time": 0.003,
                                      "Actual Rows": 1,
                                      "Actual Loops": 1,
                                      "Output": ["d2_1.id", "d2_1.response_id", "d2_1.demographic_id"],
                                      "Filter": "(d2_1.demographic_id = 4)",
                                      "Rows Removed by Filter": 6,
                                      "Shared Hit Blocks": 1,
                                      "Shared Read Blocks": 0,
                                      "Shared Dirtied Blocks": 0,
                                      "Shared Written Blocks": 0,
                                      "Local Hit Blocks": 0,
                                      "Local Read Blocks": 0,
                                      "Local Dirtied Blocks": 0,
                                      "Local Written Blocks": 0,
                                      "Temp Read Blocks": 0,
                                      "Temp Written Blocks": 0
                                    },
                                    {
                                      "Node Type": "Index Scan",
                                      "Parent Relationship": "Inner",
                                      "Parallel Aware": false,
                                      "Scan Direction": "Forward",
                                      "Index Name": "responses_pkey",
                                      "Relation Name": "responses",
                                      "Schema": "public",
                                      "Alias": "r0_1",
                                      "Startup Cost": 0.15,
                                      "Total Cost": 8.17,
                                      "Plan Rows": 1,
                                      "Plan Width": 40,
                                      "Actual Startup Time": 0.001,
                                      "Actual Total Time": 0.001,
                                      "Actual Rows": 1,
                                      "Actual Loops": 1,
                                      "Output": ["r0_1.id", "r0_1.survey_id", "r0_1.question_id", "r0_1.user_id", "r0_1.value", "r0_1.inserted_at", "r0_1.updated_at"],
                                      "Index Cond": "(r0_1.id = d2_1.response_id)",
                                      "Rows Removed by Index Recheck": 0,
                                      "Filter": "(r0_1.survey_id = 1)",
                                      "Rows Removed by Filter": 0,
                                      "Shared Hit Blocks": 2,
                                      "Shared Read Blocks": 0,
                                      "Shared Dirtied Blocks": 0,
                                      "Shared Written Blocks": 0,
                                      "Local Hit Blocks": 0,
                                      "Local Read Blocks": 0,
                                      "Local Dirtied Blocks": 0,
                                      "Local Written Blocks": 0,
                                      "Temp Read Blocks": 0,
                                      "Temp Written Blocks": 0
                                    }
                                  ]
                                },
                                {
                                  "Node Type": "Index Only Scan",
                                  "Parent Relationship": "Inner",
                                  "Parallel Aware": false,
                                  "Scan Direction": "Forward",
                                  "Index Name": "demographics_pkey",
                                  "Relation Name": "demographics",
                                  "Schema": "public",
                                  "Alias": "d1_1",
                                  "Startup Cost": 0.14,
                                  "Total Cost": 8.16,
                                  "Plan Rows": 1,
                                  "Plan Width": 8,
                                  "Actual Startup Time": 0.006,
                                  "Actual Total Time": 0.006,
                                  "Actual Rows": 1,
                                  "Actual Loops": 1,
                                  "Output": ["d1_1.id"],
                                  "Index Cond": "(d1_1.id = 4)",
                                  "Rows Removed by Index Recheck": 0,
                                  "Heap Fetches": 1,
                                  "Shared Hit Blocks": 2,
                                  "Shared Read Blocks": 0,
                                  "Shared Dirtied Blocks": 0,
                                  "Shared Written Blocks": 0,
                                  "Local Hit Blocks": 0,
                                  "Local Read Blocks": 0,
                                  "Local Dirtied Blocks": 0,
                                  "Local Written Blocks": 0,
                                  "Temp Read Blocks": 0,
                                  "Temp Written Blocks": 0
                                }
                              ]
                            }
                          ]
                        }
                      ]
                    }
                  ]
                }
              ]
            },
            {
              "Node Type": "Subquery Scan",
              "Parent Relationship": "Member",
              "Parallel Aware": false,
              "Alias": "*SELECT* 3",
              "Startup Cost": 0.30,
              "Total Cost": 19.73,
              "Plan Rows": 1,
              "Plan Width": 44,
              "Actual Startup Time": 0.015,
              "Actual Total Time": 0.019,
              "Actual Rows": 2,
              "Actual Loops": 1,
              "Output": ["\"*SELECT* 3\".id", "\"*SELECT* 3\".question_id", "\"*SELECT* 3\".survey_id", "\"*SELECT* 3\".user_id", "\"*SELECT* 3\".value", "\"*SELECT* 3\".inserted_at", "\"*SELECT* 3\".updated_at", "1"],
              "Shared Hit Blocks": 9,
              "Shared Read Blocks": 0,
              "Shared Dirtied Blocks": 0,
              "Shared Written Blocks": 0,
              "Local Hit Blocks": 0,
              "Local Read Blocks": 0,
              "Local Dirtied Blocks": 0,
              "Local Written Blocks": 0,
              "Temp Read Blocks": 0,
              "Temp Written Blocks": 0,
              "Plans": [
                {
                  "Node Type": "Nested Loop",
                  "Parent Relationship": "Subquery",
                  "Parallel Aware": false,
                  "Join Type": "Inner",
                  "Startup Cost": 0.30,
                  "Total Cost": 19.72,
                  "Plan Rows": 1,
                  "Plan Width": 40,
                  "Actual Startup Time": 0.015,
                  "Actual Total Time": 0.018,
                  "Actual Rows": 2,
                  "Actual Loops": 1,
                  "Output": ["r0_2.id", "r0_2.question_id", "r0_2.survey_id", "r0_2.user_id", "r0_2.value", "r0_2.inserted_at", "r0_2.updated_at"],
                  "Inner Unique": false,
                  "Shared Hit Blocks": 9,
                  "Shared Read Blocks": 0,
                  "Shared Dirtied Blocks": 0,
                  "Shared Written Blocks": 0,
                  "Local Hit Blocks": 0,
                  "Local Read Blocks": 0,
                  "Local Dirtied Blocks": 0,
                  "Local Written Blocks": 0,
                  "Temp Read Blocks": 0,
                  "Temp Written Blocks": 0,
                  "Plans": [
                    {
                      "Node Type": "Nested Loop",
                      "Parent Relationship": "Outer",
                      "Parallel Aware": false,
                      "Join Type": "Inner",
                      "Startup Cost": 0.15,
                      "Total Cost": 11.55,
                      "Plan Rows": 1,
                      "Plan Width": 48,
                      "Actual Startup Time": 0.009,
                      "Actual Total Time": 0.011,
                      "Actual Rows": 2,
                      "Actual Loops": 1,
                      "Output": ["r0_2.id", "r0_2.question_id", "r0_2.survey_id", "r0_2.user_id", "r0_2.value", "r0_2.inserted_at", "r0_2.updated_at", "d2_2.demographic_id"],
                      "Inner Unique": true,
                      "Shared Hit Blocks": 5,
                      "Shared Read Blocks": 0,
                      "Shared Dirtied Blocks": 0,
                      "Shared Written Blocks": 0,
                      "Local Hit Blocks": 0,
                      "Local Read Blocks": 0,
                      "Local Dirtied Blocks": 0,
                      "Local Written Blocks": 0,
                      "Temp Read Blocks": 0,
                      "Temp Written Blocks": 0,
                      "Plans": [
                        {
                          "Node Type": "Seq Scan",
                          "Parent Relationship": "Outer",
                          "Parallel Aware": false,
                          "Relation Name": "demographics_responses",
                          "Schema": "public",
                          "Alias": "d2_2",
                          "Startup Cost": 0.00,
                          "Total Cost": 1.09,
                          "Plan Rows": 1,
                          "Plan Width": 16,
                          "Actual Startup Time": 0.002,
                          "Actual Total Time": 0.002,
                          "Actual Rows": 2,
                          "Actual Loops": 1,
                          "Output": ["d2_2.id", "d2_2.response_id", "d2_2.demographic_id"],
                          "Filter": "(d2_2.demographic_id = 3)",
                          "Rows Removed by Filter": 5,
                          "Shared Hit Blocks": 1,
                          "Shared Read Blocks": 0,
                          "Shared Dirtied Blocks": 0,
                          "Shared Written Blocks": 0,
                          "Local Hit Blocks": 0,
                          "Local Read Blocks": 0,
                          "Local Dirtied Blocks": 0,
                          "Local Written Blocks": 0,
                          "Temp Read Blocks": 0,
                          "Temp Written Blocks": 0
                        },
                        {
                          "Node Type": "Index Scan",
                          "Parent Relationship": "Inner",
                          "Parallel Aware": false,
                          "Scan Direction": "Forward",
                          "Index Name": "responses_pkey",
                          "Relation Name": "responses",
                          "Schema": "public",
                          "Alias": "r0_2",
                          "Startup Cost": 0.15,
                          "Total Cost": 8.17,
                          "Plan Rows": 1,
                          "Plan Width": 40,
                          "Actual Startup Time": 0.004,
                          "Actual Total Time": 0.004,
                          "Actual Rows": 1,
                          "Actual Loops": 2,
                          "Output": ["r0_2.id", "r0_2.survey_id", "r0_2.question_id", "r0_2.user_id", "r0_2.value", "r0_2.inserted_at", "r0_2.updated_at"],
                          "Index Cond": "(r0_2.id = d2_2.response_id)",
                          "Rows Removed by Index Recheck": 0,
                          "Filter": "(r0_2.survey_id = 1)",
                          "Rows Removed by Filter": 0,
                          "Shared Hit Blocks": 4,
                          "Shared Read Blocks": 0,
                          "Shared Dirtied Blocks": 0,
                          "Shared Written Blocks": 0,
                          "Local Hit Blocks": 0,
                          "Local Read Blocks": 0,
                          "Local Dirtied Blocks": 0,
                          "Local Written Blocks": 0,
                          "Temp Read Blocks": 0,
                          "Temp Written Blocks": 0
                        }
                      ]
                    },
                    {
                      "Node Type": "Index Only Scan",
                      "Parent Relationship": "Inner",
                      "Parallel Aware": false,
                      "Scan Direction": "Forward",
                      "Index Name": "demographics_pkey",
                      "Relation Name": "demographics",
                      "Schema": "public",
                      "Alias": "d1_2",
                      "Startup Cost": 0.14,
                      "Total Cost": 8.16,
                      "Plan Rows": 1,
                      "Plan Width": 8,
                      "Actual Startup Time": 0.003,
                      "Actual Total Time": 0.003,
                      "Actual Rows": 1,
                      "Actual Loops": 2,
                      "Output": ["d1_2.id"],
                      "Index Cond": "(d1_2.id = 3)",
                      "Rows Removed by Index Recheck": 0,
                      "Heap Fetches": 2,
                      "Shared Hit Blocks": 4,
                      "Shared Read Blocks": 0,
                      "Shared Dirtied Blocks": 0,
                      "Shared Written Blocks": 0,
                      "Local Hit Blocks": 0,
                      "Local Read Blocks": 0,
                      "Local Dirtied Blocks": 0,
                      "Local Written Blocks": 0,
                      "Temp Read Blocks": 0,
                      "Temp Written Blocks": 0
                    }
                  ]
                }
              ]
            }
          ]
        }
      ]
    },
    "Planning Time": 12.538,
    "Triggers": [
    ],
    "Execution Time": 0.406
  }
]
